<?xml version="1.0" encoding="UTF-8"?>
<!-- Generated by org.testng.reporters.JUnitReportReporter -->
<testsuite hostname="DESKTOP-09FB4NU" failures="0" tests="1" name="Test_BonusTrack3b" time="22.979" errors="0" timestamp="26 oct. 2023 00:26:58 GMT" skipped="0">
  <testcase classname="Test_BonusTrack3b" name="IngresoUsuario" time="22.979"/>
</testsuite> <!-- Test_BonusTrack3b -->
