<?xml version="1.0" encoding="UTF-8"?>
<!-- Generated by org.testng.reporters.JUnitReportReporter -->
<testsuite hostname="DESKTOP-09FB4NU" failures="0" tests="2" name="pruebas.Test_BonusTrack4b" time="25.437" errors="0" timestamp="28 oct. 2023 03:14:21 GMT" skipped="0">
  <testcase classname="pruebas.Test_BonusTrack4b" name="crearUsuario" time="15.684"/>
  <testcase classname="pruebas.Test_BonusTrack4b" name="crearUsuario" time="9.753"/>
</testsuite> <!-- pruebas.Test_BonusTrack4b -->
