<?xml version="1.0" encoding="UTF-8"?>
<!-- Generated by org.testng.reporters.JUnitReportReporter -->
<testsuite hostname="DESKTOP-09FB4NU" failures="0" tests="3" name="Test_BonusTrack5b" time="0.000" errors="0" timestamp="2023-11-09T11:24:12 ART" skipped="3">
  <testcase classname="Test_BonusTrack5b" name="editarDatos" time="0.000">
    <skipped/>
  </testcase> <!-- editarDatos -->
  <system-out/>
  <testcase classname="Test_BonusTrack5b" name="crearUsuario" time="0.000">
    <skipped/>
  </testcase> <!-- crearUsuario -->
  <system-out/>
  <testcase classname="Test_BonusTrack5b" name="crearUsuario" time="0.000">
    <skipped/>
  </testcase> <!-- crearUsuario -->
  <system-out/>
</testsuite> <!-- Test_BonusTrack5b -->
