<?xml version="1.0" encoding="UTF-8"?>
<!-- Generated by org.testng.reporters.JUnitReportReporter -->
<testsuite hostname="DESKTOP-09FB4NU" failures="0" tests="1" name="Test_BonusTrack2b" time="0.000" errors="0" timestamp="2023-11-09T11:24:12 ART" skipped="1">
  <testcase classname="Test_BonusTrack2b" name="IngresoUsuario" time="0.000">
    <skipped/>
  </testcase> <!-- IngresoUsuario -->
  <system-out/>
</testsuite> <!-- Test_BonusTrack2b -->
